2025-10-18 15:11:10 [INFO] pipeline: Logger initialized.
2025-10-18 15:11:10 [INFO] pipeline.satellite: Authenticating Earth Engine...
2025-10-18 15:26:46 [INFO] pipeline: Logger initialized.
2025-10-18 15:26:46 [INFO] pipeline.satellite: Authenticated with Google Earth Engine (mdr-project-475522).
2025-10-18 15:26:46 [INFO] pipeline.request: starting request_pipe for WA_Spokane_17_SSW (2007-2025)
2025-10-18 15:26:47 [INFO] pipeline.request: saved data/raw/uscrn_WA_Spokane_17_SSW_2007.txt
2025-10-18 15:26:47 [INFO] pipeline.request: saved data/raw/uscrn_WA_Spokane_17_SSW_2008.txt
2025-10-18 15:26:48 [INFO] pipeline.request: saved data/raw/uscrn_WA_Spokane_17_SSW_2009.txt
2025-10-18 15:26:48 [INFO] pipeline.request: saved data/raw/uscrn_WA_Spokane_17_SSW_2010.txt
2025-10-18 15:26:49 [INFO] pipeline.request: saved data/raw/uscrn_WA_Spokane_17_SSW_2011.txt
2025-10-18 15:26:49 [INFO] pipeline.request: saved data/raw/uscrn_WA_Spokane_17_SSW_2012.txt
2025-10-18 15:26:50 [INFO] pipeline.request: saved data/raw/uscrn_WA_Spokane_17_SSW_2013.txt
2025-10-18 15:26:51 [INFO] pipeline.request: saved data/raw/uscrn_WA_Spokane_17_SSW_2014.txt
2025-10-18 15:26:51 [INFO] pipeline.request: saved data/raw/uscrn_WA_Spokane_17_SSW_2015.txt
2025-10-18 15:26:52 [INFO] pipeline.request: saved data/raw/uscrn_WA_Spokane_17_SSW_2016.txt
2025-10-18 15:26:52 [INFO] pipeline.request: saved data/raw/uscrn_WA_Spokane_17_SSW_2017.txt
2025-10-18 15:26:53 [INFO] pipeline.request: saved data/raw/uscrn_WA_Spokane_17_SSW_2018.txt
2025-10-18 15:26:53 [INFO] pipeline.request: saved data/raw/uscrn_WA_Spokane_17_SSW_2019.txt
2025-10-18 15:26:54 [INFO] pipeline.request: saved data/raw/uscrn_WA_Spokane_17_SSW_2020.txt
2025-10-18 15:26:54 [INFO] pipeline.request: saved data/raw/uscrn_WA_Spokane_17_SSW_2021.txt
2025-10-18 15:26:55 [INFO] pipeline.request: saved data/raw/uscrn_WA_Spokane_17_SSW_2022.txt
2025-10-18 15:26:56 [INFO] pipeline.request: saved data/raw/uscrn_WA_Spokane_17_SSW_2023.txt
2025-10-18 15:26:56 [INFO] pipeline.request: saved data/raw/uscrn_WA_Spokane_17_SSW_2024.txt
2025-10-18 15:26:57 [INFO] pipeline.request: saved data/raw/uscrn_WA_Spokane_17_SSW_2025.txt
2025-10-18 15:26:57 [INFO] pipeline.request: request_pipe complete, saved 19 files.
2025-10-18 15:26:57 [INFO] pipeline.parse: Found 19 USCRN files — parsing all years.
2025-10-18 15:26:57 [INFO] pipeline.parse: Combined 19 files into 6655 total rows.
2025-10-18 15:26:57 [INFO] pipeline.parse: Removed 0 duplicate rows.
2025-10-18 15:26:57 [INFO] pipeline.clean: Cleaning DataFrame with 6655 rows.
2025-10-18 15:26:57 [INFO] pipeline.clean: Removed 0 rows with invalid coordinates.
2025-10-18 15:26:57 [INFO] pipeline.clean: DataFrame contains 13044 NaN values (no dropping applied).
2025-10-18 15:26:57 [INFO] pipeline.clean: CleanPipe complete — 6655 rows after cleaning.
2025-10-18 15:26:57 [INFO] pipeline.temporal_fill: TemporalFillPipe complete — 6655 rows (from 6655).
2025-10-18 15:26:57 [INFO] pipeline.satellite: Starting batched satellite retrieval for 6655 rows...
2025-10-18 15:26:57 [WARNING] pipeline.satellite: Batch satellite retrieval failed: Image.multiply: If one image has no bands, the other must also have no bands. Got 0 and 1.
2025-10-18 15:49:00 [WARNING] pipeline.satellite: Batch satellite retrieval failed: Dictionary.get: Dictionary does not contain key: 'precipitationCal'.
2025-10-18 15:49:00 [WARNING] pipeline.satellite: Batch satellite retrieval failed: Dictionary.get: Dictionary does not contain key: 'precipitationCal'.
2025-10-18 15:49:01 [WARNING] pipeline.satellite: Batch satellite retrieval failed: Dictionary.get: Dictionary does not contain key: 'precipitationCal'.
2025-10-18 15:49:02 [WARNING] pipeline.satellite: Batch satellite retrieval failed: Dictionary.get: Dictionary does not contain key: 'precipitationCal'.
2025-10-18 15:49:02 [WARNING] pipeline.satellite: Batch satellite retrieval failed: Dictionary.get: Dictionary does not contain key: 'precipitationCal'.
2025-10-18 15:49:03 [WARNING] pipeline.satellite: Batch satellite retrieval failed: Dictionary.get: Dictionary does not contain key: 'precipitationCal'.
2025-10-18 15:49:04 [WARNING] pipeline.satellite: Batch satellite retrieval failed: Dictionary.get: Dictionary does not contain key: 'precipitationCal'.
2025-10-18 15:49:04 [WARNING] pipeline.satellite: Batch satellite retrieval failed: Dictionary.get: Dictionary does not contain key: 'precipitationCal'.
2025-10-18 15:49:05 [WARNING] pipeline.satellite: Batch satellite retrieval failed: Dictionary.get: Dictionary does not contain key: 'precipitationCal'.
2025-10-18 15:49:06 [WARNING] pipeline.satellite: Batch satellite retrieval failed: Dictionary.get: Dictionary does not contain key: 'precipitationCal'.
2025-10-18 15:49:07 [WARNING] pipeline.satellite: Batch satellite retrieval failed: Dictionary.get: Dictionary does not contain key: 'precipitationCal'.
2025-10-18 15:49:07 [WARNING] pipeline.satellite: Batch satellite retrieval failed: Dictionary.get: Dictionary does not contain key: 'precipitationCal'.
2025-10-18 15:49:08 [WARNING] pipeline.satellite: Batch satellite retrieval failed: Dictionary.get: Dictionary does not contain key: 'precipitationCal'.
2025-10-18 15:49:08 [WARNING] pipeline.satellite: Batch satellite retrieval failed: Dictionary.get: Dictionary does not contain key: 'precipitationCal'.
2025-10-18 15:49:09 [WARNING] pipeline.satellite: Batch satellite retrieval failed: Dictionary.get: Dictionary does not contain key: 'precipitationCal'.
2025-10-18 15:49:10 [WARNING] pipeline.satellite: Batch satellite retrieval failed: Image.multiply: If one image has no bands, the other must also have no bands. Got 0 and 1.
2025-10-18 15:49:10 [INFO] pipeline.satellite: SatellitePipe complete — 6655 records retrieved.
2025-10-18 15:51:24 [INFO] pipeline: Logger initialized.
2025-10-18 15:51:25 [INFO] pipeline.satellite: Authenticated with Google Earth Engine (mdr-project-475522).
2025-10-18 15:51:25 [INFO] pipeline.request: starting request_pipe for WA_Spokane_17_SSW (2007-2025)
2025-10-18 15:51:26 [INFO] pipeline.request: saved data/raw/uscrn_WA_Spokane_17_SSW_2007.txt
2025-10-18 15:51:26 [INFO] pipeline.request: saved data/raw/uscrn_WA_Spokane_17_SSW_2008.txt
2025-10-18 15:51:27 [INFO] pipeline.request: saved data/raw/uscrn_WA_Spokane_17_SSW_2009.txt
2025-10-18 15:51:27 [INFO] pipeline.request: saved data/raw/uscrn_WA_Spokane_17_SSW_2010.txt
2025-10-18 15:51:28 [INFO] pipeline.request: saved data/raw/uscrn_WA_Spokane_17_SSW_2011.txt
2025-10-18 15:51:28 [INFO] pipeline.request: saved data/raw/uscrn_WA_Spokane_17_SSW_2012.txt
2025-10-18 15:51:29 [INFO] pipeline.request: saved data/raw/uscrn_WA_Spokane_17_SSW_2013.txt
2025-10-18 15:51:29 [INFO] pipeline.request: saved data/raw/uscrn_WA_Spokane_17_SSW_2014.txt
2025-10-18 15:51:29 [INFO] pipeline.request: saved data/raw/uscrn_WA_Spokane_17_SSW_2015.txt
2025-10-18 15:51:30 [INFO] pipeline.request: saved data/raw/uscrn_WA_Spokane_17_SSW_2016.txt
2025-10-18 15:51:30 [INFO] pipeline.request: saved data/raw/uscrn_WA_Spokane_17_SSW_2017.txt
2025-10-18 15:51:31 [INFO] pipeline.request: saved data/raw/uscrn_WA_Spokane_17_SSW_2018.txt
2025-10-18 15:51:31 [INFO] pipeline.request: saved data/raw/uscrn_WA_Spokane_17_SSW_2019.txt
2025-10-18 15:51:32 [INFO] pipeline.request: saved data/raw/uscrn_WA_Spokane_17_SSW_2020.txt
2025-10-18 15:51:32 [INFO] pipeline.request: saved data/raw/uscrn_WA_Spokane_17_SSW_2021.txt
2025-10-18 15:51:33 [INFO] pipeline.request: saved data/raw/uscrn_WA_Spokane_17_SSW_2022.txt
2025-10-18 15:51:33 [INFO] pipeline.request: saved data/raw/uscrn_WA_Spokane_17_SSW_2023.txt
2025-10-18 15:51:34 [INFO] pipeline.request: saved data/raw/uscrn_WA_Spokane_17_SSW_2024.txt
2025-10-18 15:51:35 [INFO] pipeline.request: saved data/raw/uscrn_WA_Spokane_17_SSW_2025.txt
2025-10-18 15:51:35 [INFO] pipeline.request: request_pipe complete, saved 19 files.
2025-10-18 15:51:35 [INFO] pipeline.parse: Found 19 USCRN files — parsing all years.
2025-10-18 15:51:35 [INFO] pipeline.parse: Combined 19 files into 6655 total rows.
2025-10-18 15:51:35 [INFO] pipeline.parse: Removed 0 duplicate rows.
2025-10-18 15:51:35 [INFO] pipeline.clean: Cleaning DataFrame with 6655 rows.
2025-10-18 15:51:35 [INFO] pipeline.clean: Removed 0 rows with invalid coordinates.
2025-10-18 15:51:35 [INFO] pipeline.clean: DataFrame contains 13044 NaN values (no dropping applied).
2025-10-18 15:51:35 [INFO] pipeline.clean: CleanPipe complete — 6655 rows after cleaning.
2025-10-18 15:51:35 [INFO] pipeline.temporal_fill: TemporalFillPipe complete — 6655 rows (from 6655).
2025-10-18 15:51:35 [INFO] pipeline.satellite: Starting batched satellite retrieval for 6655 rows...
2025-10-18 15:51:35 [INFO] pipeline.satellite: SatellitePipe complete — 6655 records retrieved.
2025-10-18 15:51:35 [INFO] pipeline.feature: FeaturePipe complete — added derived temporal features.
2025-10-18 15:51:35 [INFO] pipeline.merge: Received single DataFrame — returning unchanged.
2025-10-18 15:51:35 [INFO] pipeline.merge: MergePipe complete — 6655 rows total.
2025-10-18 15:51:35 [INFO] pipeline.save: Saving DataFrame (6655 rows) to data/processed/final.csv as CSV.
2025-10-18 15:51:35 [INFO] pipeline.save: SavePipe complete — wrote data/processed/final.csv
